[2024-02-06 16:12:06,473] multiqc                                            [DEBUG  ]  This is MultiQC v1.19
[2024-02-06 16:12:06,473] multiqc                                            [DEBUG  ]  Command used: /Users/abhatnagar/miniconda/envs/rnaseq/bin/multiqc -d .
[2024-02-06 16:12:06,628] multiqc                                            [DEBUG  ]  Latest MultiQC version is v1.19
[2024-02-06 16:12:06,628] multiqc                                            [DEBUG  ]  Working dir : /Users/abhatnagar/Library/CloudStorage/Dropbox-HELLERLAB/Akanksha Bhatnagar/Mac/Desktop/DIYfiles
[2024-02-06 16:12:06,628] multiqc                                            [DEBUG  ]  Template    : default
[2024-02-06 16:12:06,628] multiqc                                            [DEBUG  ]  Running Python 3.11.7 | packaged by conda-forge | (main, Dec 23 2023, 14:38:52) [Clang 16.0.6 ]
[2024-02-06 16:12:06,628] multiqc                                            [INFO   ]  Prepending directory to sample names
[2024-02-06 16:12:06,629] multiqc                                            [DEBUG  ]  Analysing modules: custom_content, ccs, ngsderive, purple, conpair, lima, peddy, somalier, methylQA, mosdepth, phantompeakqualtools, qualimap, preseq, hifiasm, quast, qorts, rna_seqc, rockhopper, rsem, rseqc, busco, bustools, goleft_indexcov, gffcompare, disambiguate, supernova, deeptools, sargasso, verifybamid, mirtrace, happy, mirtop, sambamba, gopeaks, homer, hops, macs2, theta2, snpeff, gatk, htseq, bcftools, featureCounts, fgbio, dragen, dragen_fastqc, dedup, pbmarkdup, damageprofiler, mapdamage, biobambam2, jcvi, mtnucratio, picard, vep, bakta, prokka, qc3C, nanostat, samblaster, samtools, sexdeterrmine, seqera_cli, eigenstratdatabasetools, bamtools, jellyfish, vcftools, longranger, stacks, varscan2, snippy, umitools, truvari, bbmap, bismark, biscuit, diamond, hicexplorer, hicup, hicpro, salmon, kallisto, slamdunk, star, hisat2, tophat, bowtie2, bowtie1, cellranger, snpsplit, odgi, pangolin, nextclade, freyja, humid, kat, leehom, librarian, adapterRemoval, bbduk, clipandmerge, cutadapt, flexbar, sourmash, kaiju, bracken, kraken, malt, motus, trimmomatic, sickle, skewer, sortmerna, biobloomtools, fastq_screen, afterqc, fastp, fastqc, filtlong, prinseqplusplus, pychopper, porechop, pycoqc, minionqc, anglerfish, multivcfanalyzer, clusterflow, checkqc, bcl2fastq, bclconvert, interop, ivar, flash, seqyclean, optitype, whatshap, xenome, xengsort
[2024-02-06 16:12:06,629] multiqc                                            [DEBUG  ]  Using temporary directory for creating report: /var/folders/h4/gzhshbp139q5cg8kfd9d786m0000gn/T/tmps0z97rab
[2024-02-06 16:12:06,630] multiqc                                            [INFO   ]  Search path : /Users/abhatnagar/Library/CloudStorage/Dropbox-HELLERLAB/Akanksha Bhatnagar/Mac/Desktop/DIYfiles
[2024-02-06 16:12:07,273] multiqc                                            [DEBUG  ]  Summary of files that were skipped by the search: [skipped_file_contents_search_errors: 1780] // [skipped_module_specific_max_filesize: 913] // [skipped_no_match: 116] // [skipped_ignore_pattern: 25] // [skipped_filesize_limit: 2] // [skipped_directory_fn_ignore_dirs: 1]
[2024-02-06 16:12:07,514] multiqc.plots.bargraph                             [DEBUG  ]  Using matplotlib version 3.8.2
[2024-02-06 16:12:07,514] multiqc.plots.linegraph                            [DEBUG  ]  Using matplotlib version 3.8.2
[2024-02-06 16:12:07,515] multiqc                                            [DEBUG  ]  No samples found: custom_content
[2024-02-06 16:12:07,518] multiqc.modules.kallisto.kallisto                  [INFO   ]  Found 20 reports
[2024-02-06 16:12:07,544] multiqc.modules.fastqc.fastqc                      [INFO   ]  Found 20 reports
[2024-02-06 16:12:07,577] multiqc.utils.software_versions                    [DEBUG  ]  Reading software versions from config.software_versions
[2024-02-06 16:12:07,589] multiqc                                            [DEBUG  ]  Compressing plot data
[2024-02-06 16:12:07,767] multiqc                                            [INFO   ]  Report      : multiqc_report.html
[2024-02-06 16:12:07,767] multiqc                                            [INFO   ]  Data        : multiqc_data
[2024-02-06 16:12:07,767] multiqc                                            [DEBUG  ]  Moving data file from '/var/folders/h4/gzhshbp139q5cg8kfd9d786m0000gn/T/tmps0z97rab/multiqc_data' to '/Users/abhatnagar/Library/CloudStorage/Dropbox-HELLERLAB/Akanksha Bhatnagar/Mac/Desktop/DIYfiles/multiqc_data'
[2024-02-06 16:12:07,775] multiqc                                            [DEBUG  ]  Full report path: /Users/abhatnagar/Library/CloudStorage/Dropbox-HELLERLAB/Akanksha Bhatnagar/Mac/Desktop/DIYfiles/multiqc_report.html
[2024-02-06 16:12:07,852] multiqc                                            [INFO   ]  MultiQC complete
